<?xml version="1.0" encoding="UTF-8"?>
<!-- Generated by org.testng.reporters.JUnitReportReporter -->
<testsuite skipped="0" hostname="pc-PC" name="com.testing.testng.CasesTest" tests="1" failures="0" timestamp="21 十一月 2018 13:25:15 GMT" time="0.007" errors="0">
  <testcase name="f1" time="0.007" classname="com.testing.testng.CasesTest"/>
</testsuite> <!-- com.testing.testng.CasesTest -->
