<?xml version="1.0" encoding="UTF-8"?>
<!-- Generated by org.testng.reporters.JUnitReportReporter -->
<testsuite skipped="0" hostname="pc-PC" name="com.testing.testng.excelTest" tests="1" failures="0" timestamp="21 十一月 2018 11:36:08 GMT" time="0.611" errors="0">
  <testcase name="f" time="0.611" classname="com.testing.testng.excelTest"/>
</testsuite> <!-- com.testing.testng.excelTest -->
