<?xml version="1.0" encoding="UTF-8"?>
<!-- Generated by org.testng.reporters.JUnitReportReporter -->
<testsuite skipped="0" hostname="pc-PC" name="com.testing.testng.dataDriven" tests="1" failures="0" timestamp="21 十一月 2018 15:08:44 GMT" time="0.005" errors="0">
  <testcase name="f" time="0.005" classname="com.testing.testng.dataDriven"/>
</testsuite> <!-- com.testing.testng.dataDriven -->
