<?xml version="1.0" encoding="UTF-8"?>
<!-- Generated by org.testng.reporters.JUnitReportReporter -->
<testsuite skipped="0" hostname="pc-PC" name="com.testing.testng.paramTest" tests="1" failures="0" timestamp="21 十一月 2018 13:59:14 GMT" time="0.020" errors="0">
  <testcase name="f" time="0.020" classname="com.testing.testng.paramTest"/>
</testsuite> <!-- com.testing.testng.paramTest -->
