<?xml version="1.0" encoding="UTF-8"?>
<!-- Generated by org.testng.reporters.JUnitReportReporter -->
<testsuite skipped="0" hostname="pc-PC" name="com.testing.testng.LoginTest" tests="2" failures="0" timestamp="21 十一月 2018 14:33:15 GMT" time="15.638" errors="0">
  <testcase name="f" time="8.730" classname="com.testing.testng.LoginTest"/>
  <testcase name="f" time="6.908" classname="com.testing.testng.LoginTest"/>
</testsuite> <!-- com.testing.testng.LoginTest -->
